app/build/outputs/logs/manifest-merger-debug-report.txt
-- Merging decision tree log ---
manifest
ADDED from src/main/AndroidManifest.xml:9:1-28:12
	package
		ADDED from src/main/AndroidManifest.xml:10:5-45
		INJECTED from src/main/AndroidManifest.xml
		INJECTED from src/main/AndroidManifest.xml
	xmlns:android
		ADDED from src/main/AndroidManifest.xml:9:11-69
uses-sdk
ADDED from src/main/AndroidManifest.xml:12:5-74
	android:targetSdkVersion
		ADDED from src/main/AndroidManifest.xml:12:42-71
		INJECTED from src/main/AndroidManifest.xml
		INJECTED from src/main/AndroidManifest.xml
	android:minSdkVersion
		ADDED from src/main/AndroidManifest.xml:12:15-41
		INJECTED from src/main/AndroidManifest.xml
		INJECTED from src/main/AndroidManifest.xml
uses-permission#android.permission.INTERNET
ADDED from src/main/AndroidManifest.xml:13:5-66
	android:name
		ADDED from src/main/AndroidManifest.xml:13:22-64
uses-permission#android.permission.ACCESS_NETWORK_STATE
ADDED from src/main/AndroidManifest.xml:14:5-78
	android:name
		ADDED from src/main/AndroidManifest.xml:14:22-76
application
ADDED from src/main/AndroidManifest.xml:15:5-27:19
	android:label
		ADDED from src/main/AndroidManifest.xml:16:13-42
	android:name
		ADDED from src/main/AndroidManifest.xml:15:18-56
activity#org.chromium.cronet_sample_apk.CronetSampleActivity
ADDED from src/main/AndroidManifest.xml:17:9-26:20
	android:hardwareAccelerated
		ADDED from src/main/AndroidManifest.xml:21:19-53
	android:launchMode
		ADDED from src/main/AndroidManifest.xml:18:19-50
	android:configChanges
		ADDED from src/main/AndroidManifest.xml:20:19-89
	android:theme
		ADDED from src/main/AndroidManifest.xml:19:19-78
	android:name
		ADDED from src/main/AndroidManifest.xml:17:19-54
intent-filter#android.intent.action.MAIN+android.intent.category.LAUNCHER
ADDED from src/main/AndroidManifest.xml:22:13-25:29
action#android.intent.action.MAIN
ADDED from src/main/AndroidManifest.xml:23:17-68
	android:name
		ADDED from src/main/AndroidManifest.xml:23:25-66
category#android.intent.category.LAUNCHER
ADDED from src/main/AndroidManifest.xml:24:17-76
	android:name
		ADDED from src/main/AndroidManifest.xml:24:27-74